#
# A fatal error has been detected by the Java Runtime Environment:
#
#  EXCEPTION_ACCESS_VIOLATION (0xc0000005) at pc=0x00007ffcf3cbf023, pid=29424, tid=29952
#
# JRE version: OpenJDK Runtime Environment (14.0.2+12) (build 14.0.2+12-46)
# Java VM: OpenJDK 64-Bit Server VM (14.0.2+12-46, mixed mode, tiered, compressed oops, g1 gc, windows-amd64)
# Problematic frame:
# V  [jvm.dll+0x4bf023]
#
# No core dump will be written. Minidumps are not enabled by default on client versions of Windows
#
# If you would like to submit a bug report, please visit:
#   https://bugreport.java.com/bugreport/crash.jsp
#

---------------  S U M M A R Y ------------

Command Line: -XX:+ShowCodeDetailsInExceptionMessages -agentlib:jdwp=transport=dt_socket,suspend=y,address=localhost:49802 -javaagent:D:\Eclipse\eclipse\configuration\org.eclipse.osgi\215\0\.cp\lib\javaagent-shaded.jar -Dfile.encoding=Cp1252 cyberLearn_tuDuy_Khoa1_Chuong5_buiQuocTrieu.bai2_timNguyenDuongNhoNhat

Host: Intel(R) Core(TM) i7-10510U CPU @ 1.80GHz, 8 cores, 15G,  Windows 10 , 64 bit Build 19041 (10.0.19041.546)
Time: Wed Dec  9 07:40:45 2020 AUS Eastern Daylight Time elapsed time: 62 seconds (0d 0h 1m 2s)

---------------  T H R E A D  ---------------

Current thread (0x000001d51a845800):  VMThread "VM Thread" [stack: 0x000000c4ff000000,0x000000c4ff100000] [id=29952]

Stack: [0x000000c4ff000000,0x000000c4ff100000],  sp=0x000000c4ff0feeb0,  free space=1019k
Native frames: (J=compiled Java code, j=interpreted, Vv=VM code, C=native code)
V  [jvm.dll+0x4bf023]
V  [jvm.dll+0x4be9dd]
V  [jvm.dll+0x744f4b]
V  [jvm.dll+0x748f77]
V  [jvm.dll+0x749748]
V  [jvm.dll+0x749a3c]
V  [jvm.dll+0x6ffeda]
V  [jvm.dll+0x5f78f6]
C  [ucrtbase.dll+0x214c2]
C  [KERNEL32.DLL+0x17034]
C  [ntdll.dll+0x4cec1]


siginfo: EXCEPTION_ACCESS_VIOLATION (0xc0000005), reading address 0xffffffffffffffff


Register to memory mapping:

RIP=0x00007ffcf3cbf023 jvm.dll
RAX=0x0000000000000001 is an unknown value
RBX=0x000001d57addb880 points into unknown readable memory: 30 ad dd 7a d5 01 00 00
RCX=0x0000000000000001 is an unknown value
RDX=0x00ca01d51b7f9058 is an unknown value
RSP=0x000000c4ff0feeb0 points into unknown readable memory: 90 9d 7f 1b d5 01 00 00
RBP=0x0000000000000008 is an unknown value
RSI=0x000000c4ffbff5d0 is pointing into the stack for thread: 0x000001d51aae6800
RDI={method} {0x000001d51b7f90a8} 
[error occurred during error reporting (printing register info), id 0xc0000005, EXCEPTION_ACCESS_VIOLATION (0xc0000005) at pc=0x00007ffcf3db0afa]

Registers:
RAX=0x0000000000000001, RBX=0x000001d57addb880, RCX=0x0000000000000001, RDX=0x00ca01d51b7f9058
RSP=0x000000c4ff0feeb0, RBP=0x0000000000000008, RSI=0x000000c4ffbff5d0, RDI=0x000001d51b7f90a0
R8 =0x000001d51b7f8fa0, R9 =0x000001d51b7fa220, R10=0x000001d519f05860, R11=0x000001d519f07ee8
R12=0x00007ffcf400c720, R13=0x00000008000d2e78, R14=0x000001d519f5e338, R15=0x00000000000003d8
RIP=0x00007ffcf3cbf023, EFLAGS=0x0000000000010202

Top of Stack: (sp=0x000000c4ff0feeb0)
0x000000c4ff0feeb0:   000001d51b7f9d90 000000c4ffbff640
0x000000c4ff0feec0:   000001d519f5df60 000000c4ffbff5d0
0x000000c4ff0feed0:   000001d519f05860 000001d519f07ee8
0x000000c4ff0feee0:   000001d57addb880 000001d51ab87e70
0x000000c4ff0feef0:   000000c4ffffffff 00000000000003d8
0x000000c4ff0fef00:   000001d519f5e338 00007ffcf400c720
0x000000c4ff0fef10:   000001d51ab87e70 000000c4ffbff5d0
0x000000c4ff0fef20:   000001d519f5df60 00007ffcf42861d0
0x000000c4ff0fef30:   000000c4ffbff640 00007ffcf3cbe9dd
0x000000c4ff0fef40:   000000c4ffbff640 000000c4ff0fef60
0x000000c4ff0fef50:   000001d51ab87e70 00007ffcf40a28f8
0x000000c4ff0fef60:   00007ffcf3db1510 00007ffc00000000
0x000000c4ff0fef70:   000001d519f5df50 00007ffcf3f44f4b
0x000000c4ff0fef80:   000001d51b11ce60 000001d519f81550
0x000000c4ff0fef90:   000000c4ff0ff0a0 00007ffcf3e586e8
0x000000c4ff0fefa0:   00000828e6e3f42e 0000000000000000 

Instructions: (pc=0x00007ffcf3cbf023)
0x00007ffcf3cbef23:   49 8b f1 49 8b d8 e8 32 b8 12 00 48 89 47 08 48
0x00007ffcf3cbef33:   8b c7 48 89 5f 10 48 8b 5c 24 30 48 89 77 18 48
0x00007ffcf3cbef43:   8b 74 24 38 48 83 c4 20 5f c3 cc cc cc 48 89 54
0x00007ffcf3cbef53:   24 10 48 89 4c 24 08 53 41 55 48 83 ec 78 48 8b
0x00007ffcf3cbef63:   d9 48 8b c2 48 63 4a 08 48 03 4b 08 8b 53 10 ff
0x00007ffcf3cbef73:   10 48 8b 43 08 4c 8b 40 08 4d 8b 48 08 41 0f b7
0x00007ffcf3cbef83:   40 2a 4d 8b 54 c1 40 41 0f b7 40 2c 4c 89 54 24
0x00007ffcf3cbef93:   20 4d 8b 5c c1 40 49 8b 41 18 4c 89 5c 24 28 4c
0x00007ffcf3cbefa3:   8b a8 88 01 00 00 4d 85 ed 0f 84 c7 01 00 00 8b
0x00007ffcf3cbefb3:   0d f4 ee 5c 00 65 48 8b 04 25 58 00 00 00 48 89
0x00007ffcf3cbefc3:   6c 24 70 48 89 74 24 68 48 89 7c 24 60 4c 89 64
0x00007ffcf3cbefd3:   24 58 48 8d 1c c8 4c 89 74 24 50 48 89 5c 24 30
0x00007ffcf3cbefe3:   bd 08 00 00 00 4c 89 7c 24 48 0f 1f 00 49 8b 8d
0x00007ffcf3cbeff3:   a8 01 00 00 8b 01 83 e8 01 48 98 0f 88 47 01 00
0x00007ffcf3cbf003:   00 4c 8d 40 01 4e 8d 04 c1 0f 1f 40 00 49 8b 38
0x00007ffcf3cbf013:   0f b6 4f 2a c0 e9 05 f6 c1 01 74 24 48 8b 57 08
0x00007ffcf3cbf023:   4c 8b 4a 08 0f b7 4a 2a 49 8b 74 c9 40 49 3b f2
0x00007ffcf3cbf033:   75 0e 0f b7 4a 2c 49 8b 54 c9 40 49 3b d3 74 0f
0x00007ffcf3cbf043:   49 83 e8 08 48 83 e8 01 79 c3 e9 f9 00 00 00 48
0x00007ffcf3cbf053:   83 3d fe 68 58 00 00 48 8b 03 8b cd 48 8b 0c 01
0x00007ffcf3cbf063:   48 8b a9 78 02 00 00 48 8b 5d 20 4c 8b 7d 28 4c
0x00007ffcf3cbf073:   8b 75 10 4c 8b 65 18 48 89 9c 24 a0 00 00 00 4c
0x00007ffcf3cbf083:   89 bc 24 a8 00 00 00 74 6a 48 8b 8c 24 98 00 00
0x00007ffcf3cbf093:   00 4c 8d 05 75 24 0f 00 48 8b 01 49 3b c0 75 14
0x00007ffcf3cbf0a3:   48 85 c0 74 06 83 79 08 00 75 09 4c 8d 3d 5b d6
0x00007ffcf3cbf0b3:   3b 00 eb 07 4c 8d 3d 5a d6 3b 00 48 8b ca e8 2a
0x00007ffcf3cbf0c3:   03 20 00 48 8b ce 48 8b d8 e8 1f 03 20 00 4c 8b
0x00007ffcf3cbf0d3:   c0 48 8d 0d 45 d6 3b 00 4c 8b cb 49 8b d7 e8 0a
0x00007ffcf3cbf0e3:   ef ff ff 48 8b 9c 24 a0 00 00 00 4c 8b bc 24 a8
0x00007ffcf3cbf0f3:   00 00 00 48 8b b4 24 98 00 00 00 48 8b 84 24 90
0x00007ffcf3cbf103:   00 00 00 48 63 4e 08 8b 50 10 48 03 cf ff 16 49
0x00007ffcf3cbf113:   83 3e 00 74 13 49 8b d7 48 8b cd e8 6d d3 be ff 


Stack slot to memory mapping:
stack at sp + 0 slots: {method} {0x000001d51b7f9d98} 'main' '([Ljava/lang/String;)V' in 'cyberLearn_tuDuy_Khoa1_Chuong5_buiQuocTrieu/bai2_timNguyenDuongNhoNhat'
stack at sp + 1 slots: 0x000000c4ffbff640 is pointing into the stack for thread: 0x000001d51aae6800
stack at sp + 2 slots: 0x000001d519f5df60 points into unknown readable memory: b8 93 7f 1b d5 01 00 00
stack at sp + 3 slots: 0x000000c4ffbff5d0 is pointing into the stack for thread: 0x000001d51aae6800
stack at sp + 4 slots: 0x000001d519f05860 points into unknown readable memory: ff ff 04 00 01 fe 6d 61
stack at sp + 5 slots: 0x000001d519f07ee8 points into unknown readable memory: ff ff 16 00 04 14 28 5b
stack at sp + 6 slots: 0x000001d57addb880 points into unknown readable memory: 30 ad dd 7a d5 01 00 00
stack at sp + 7 slots: 0x000001d51ab87e70 points into unknown readable memory: 70 7e b8 1a d5 01 00 00

VM_Operation (0x000000c4ffbff5d0): ChangeBreakpoints, mode: safepoint, requested by thread 0x000001d51aae6800


---------------  P R O C E S S  ---------------

Threads class SMR info:
_java_thread_list=0x000001d51b1c53d0, length=14, elements={
0x000001d57ad4d000, 0x000001d51a85b800, 0x000001d51a85d000, 0x000001d51a89b800,
0x000001d51a8a0800, 0x000001d51a884000, 0x000001d51a8a4800, 0x000001d51a8a6800,
0x000001d51a8be800, 0x000001d51a820800, 0x000001d51aae6800, 0x000001d51aae7000,
0x000001d51ab67800, 0x000001d51b135800
}

Java Threads: ( => current thread )
  0x000001d57ad4d000 JavaThread "main" [_thread_blocked, id=30324, stack(0x000000c4fea00000,0x000000c4feb00000)]
  0x000001d51a85b800 JavaThread "Reference Handler" daemon [_thread_blocked, id=20916, stack(0x000000c4ff100000,0x000000c4ff200000)]
  0x000001d51a85d000 JavaThread "Finalizer" daemon [_thread_blocked, id=7180, stack(0x000000c4ff200000,0x000000c4ff300000)]
  0x000001d51a89b800 JavaThread "Signal Dispatcher" daemon [_thread_blocked, id=20324, stack(0x000000c4ff300000,0x000000c4ff400000)]
  0x000001d51a8a0800 JavaThread "Attach Listener" daemon [_thread_blocked, id=21436, stack(0x000000c4ff400000,0x000000c4ff500000)]
  0x000001d51a884000 JavaThread "Service Thread" daemon [_thread_blocked, id=27364, stack(0x000000c4ff500000,0x000000c4ff600000)]
  0x000001d51a8a4800 JavaThread "C2 CompilerThread0" daemon [_thread_blocked, id=28244, stack(0x000000c4ff600000,0x000000c4ff700000)]
  0x000001d51a8a6800 JavaThread "C1 CompilerThread0" daemon [_thread_blocked, id=22284, stack(0x000000c4ff700000,0x000000c4ff800000)]
  0x000001d51a8be800 JavaThread "Sweeper thread" daemon [_thread_blocked, id=18032, stack(0x000000c4ff800000,0x000000c4ff900000)]
  0x000001d51a820800 JavaThread "Common-Cleaner" daemon [_thread_blocked, id=28020, stack(0x000000c4ff900000,0x000000c4ffa00000)]
  0x000001d51aae6800 JavaThread "JDWP Transport Listener: dt_socket" daemon [_thread_blocked, id=33564, stack(0x000000c4ffb00000,0x000000c4ffc00000)]
  0x000001d51aae7000 JavaThread "JDWP Event Helper Thread" daemon [_thread_blocked, id=16156, stack(0x000000c4ffc00000,0x000000c4ffd00000)]
  0x000001d51ab67800 JavaThread "JDWP Command Reader" daemon [_thread_in_native, id=25324, stack(0x000000c4ffd00000,0x000000c4ffe00000)]
  0x000001d51b135800 JavaThread "Notification Thread" daemon [_thread_blocked, id=24548, stack(0x000000c4ffe00000,0x000000c4fff00000)]

Other Threads:
=>0x000001d51a845800 VMThread "VM Thread" [stack: 0x000000c4ff000000,0x000000c4ff100000] [id=29952]
  0x000001d51b138000 WatcherThread [stack: 0x000000c4fff00000,0x000000c500000000] [id=32276]
  0x000001d57adb5800 GCTaskThread "GC Thread#0" [stack: 0x000000c4feb00000,0x000000c4fec00000] [id=26232]
  0x000001d57add8000 ConcurrentGCThread "G1 Main Marker" [stack: 0x000000c4fec00000,0x000000c4fed00000] [id=17844]
  0x000001d57add9000 ConcurrentGCThread "G1 Conc#0" [stack: 0x000000c4fed00000,0x000000c4fee00000] [id=16372]
  0x000001d519e5c800 ConcurrentGCThread "G1 Refine#0" [stack: 0x000000c4fee00000,0x000000c4fef00000] [id=30832]
  0x000001d519e5d800 ConcurrentGCThread "G1 Young RemSet Sampling" [stack: 0x000000c4fef00000,0x000000c4ff000000] [id=23572]

Threads with active compile tasks:

VM state:at safepoint (normal execution)

VM Mutex/Monitor currently owned by a thread:  ([mutex/lock_event])
[0x000001d57ad49660] Threads_lock - owner thread: 0x000001d51a845800

Heap address: 0x0000000703800000, size: 4040 MB, Compressed Oops mode: Zero based, Oop shift amount: 3
Narrow klass base: 0x0000000800000000, Narrow klass shift: 0
Compressed class space size: 1073741824 Address: 0x0000000800000000

Heap:
 garbage-first heap   total 260096K, used 4096K [0x0000000703800000, 0x0000000800000000)
  region size 1024K, 5 young (5120K), 0 survivors (0K)
 Metaspace       used 9035K, capacity 9148K, committed 9344K, reserved 1058816K
  class space    used 799K, capacity 836K, committed 896K, reserved 1048576K
Heap Regions: E=young(eden), S=young(survivor), O=old, HS=humongous(starts), HC=humongous(continues), CS=collection set, F=free, OA=open archive, CA=closed archive, TAMS=top-at-mark-start (previous, next)
|   0|0x0000000703800000, 0x0000000703800000, 0x0000000703900000|  0%| F|  |TAMS 0x0000000703800000, 0x0000000703800000| Untracked 
|   1|0x0000000703900000, 0x0000000703900000, 0x0000000703a00000|  0%| F|  |TAMS 0x0000000703900000, 0x0000000703900000| Untracked 
|   2|0x0000000703a00000, 0x0000000703a00000, 0x0000000703b00000|  0%| F|  |TAMS 0x0000000703a00000, 0x0000000703a00000| Untracked 
|   3|0x0000000703b00000, 0x0000000703b00000, 0x0000000703c00000|  0%| F|  |TAMS 0x0000000703b00000, 0x0000000703b00000| Untracked 
|   4|0x0000000703c00000, 0x0000000703c00000, 0x0000000703d00000|  0%| F|  |TAMS 0x0000000703c00000, 0x0000000703c00000| Untracked 
|   5|0x0000000703d00000, 0x0000000703d00000, 0x0000000703e00000|  0%| F|  |TAMS 0x0000000703d00000, 0x0000000703d00000| Untracked 
|   6|0x0000000703e00000, 0x0000000703e00000, 0x0000000703f00000|  0%| F|  |TAMS 0x0000000703e00000, 0x0000000703e00000| Untracked 
|   7|0x0000000703f00000, 0x0000000703f00000, 0x0000000704000000|  0%| F|  |TAMS 0x0000000703f00000, 0x0000000703f00000| Untracked 
|   8|0x0000000704000000, 0x0000000704000000, 0x0000000704100000|  0%| F|  |TAMS 0x0000000704000000, 0x0000000704000000| Untracked 
|   9|0x0000000704100000, 0x0000000704100000, 0x0000000704200000|  0%| F|  |TAMS 0x0000000704100000, 0x0000000704100000| Untracked 
|  10|0x0000000704200000, 0x0000000704200000, 0x0000000704300000|  0%| F|  |TAMS 0x0000000704200000, 0x0000000704200000| Untracked 
|  11|0x0000000704300000, 0x0000000704300000, 0x0000000704400000|  0%| F|  |TAMS 0x0000000704300000, 0x0000000704300000| Untracked 
|  12|0x0000000704400000, 0x0000000704400000, 0x0000000704500000|  0%| F|  |TAMS 0x0000000704400000, 0x0000000704400000| Untracked 
|  13|0x0000000704500000, 0x0000000704500000, 0x0000000704600000|  0%| F|  |TAMS 0x0000000704500000, 0x0000000704500000| Untracked 
|  14|0x0000000704600000, 0x0000000704600000, 0x0000000704700000|  0%| F|  |TAMS 0x0000000704600000, 0x0000000704600000| Untracked 
|  15|0x0000000704700000, 0x0000000704700000, 0x0000000704800000|  0%| F|  |TAMS 0x0000000704700000, 0x0000000704700000| Untracked 
|  16|0x0000000704800000, 0x0000000704800000, 0x0000000704900000|  0%| F|  |TAMS 0x0000000704800000, 0x0000000704800000| Untracked 
|  17|0x0000000704900000, 0x0000000704900000, 0x0000000704a00000|  0%| F|  |TAMS 0x0000000704900000, 0x0000000704900000| Untracked 
|  18|0x0000000704a00000, 0x0000000704a00000, 0x0000000704b00000|  0%| F|  |TAMS 0x0000000704a00000, 0x0000000704a00000| Untracked 
|  19|0x0000000704b00000, 0x0000000704b00000, 0x0000000704c00000|  0%| F|  |TAMS 0x0000000704b00000, 0x0000000704b00000| Untracked 
|  20|0x0000000704c00000, 0x0000000704c00000, 0x0000000704d00000|  0%| F|  |TAMS 0x0000000704c00000, 0x0000000704c00000| Untracked 
|  21|0x0000000704d00000, 0x0000000704d00000, 0x0000000704e00000|  0%| F|  |TAMS 0x0000000704d00000, 0x0000000704d00000| Untracked 
|  22|0x0000000704e00000, 0x0000000704e00000, 0x0000000704f00000|  0%| F|  |TAMS 0x0000000704e00000, 0x0000000704e00000| Untracked 
|  23|0x0000000704f00000, 0x0000000704f00000, 0x0000000705000000|  0%| F|  |TAMS 0x0000000704f00000, 0x0000000704f00000| Untracked 
|  24|0x0000000705000000, 0x0000000705000000, 0x0000000705100000|  0%| F|  |TAMS 0x0000000705000000, 0x0000000705000000| Untracked 
|  25|0x0000000705100000, 0x0000000705100000, 0x0000000705200000|  0%| F|  |TAMS 0x0000000705100000, 0x0000000705100000| Untracked 
|  26|0x0000000705200000, 0x0000000705200000, 0x0000000705300000|  0%| F|  |TAMS 0x0000000705200000, 0x0000000705200000| Untracked 
|  27|0x0000000705300000, 0x0000000705300000, 0x0000000705400000|  0%| F|  |TAMS 0x0000000705300000, 0x0000000705300000| Untracked 
|  28|0x0000000705400000, 0x0000000705400000, 0x0000000705500000|  0%| F|  |TAMS 0x0000000705400000, 0x0000000705400000| Untracked 
|  29|0x0000000705500000, 0x0000000705500000, 0x0000000705600000|  0%| F|  |TAMS 0x0000000705500000, 0x0000000705500000| Untracked 
|  30|0x0000000705600000, 0x0000000705600000, 0x0000000705700000|  0%| F|  |TAMS 0x0000000705600000, 0x0000000705600000| Untracked 
|  31|0x0000000705700000, 0x0000000705700000, 0x0000000705800000|  0%| F|  |TAMS 0x0000000705700000, 0x0000000705700000| Untracked 
|  32|0x0000000705800000, 0x0000000705800000, 0x0000000705900000|  0%| F|  |TAMS 0x0000000705800000, 0x0000000705800000| Untracked 
|  33|0x0000000705900000, 0x0000000705900000, 0x0000000705a00000|  0%| F|  |TAMS 0x0000000705900000, 0x0000000705900000| Untracked 
|  34|0x0000000705a00000, 0x0000000705a00000, 0x0000000705b00000|  0%| F|  |TAMS 0x0000000705a00000, 0x0000000705a00000| Untracked 
|  35|0x0000000705b00000, 0x0000000705b00000, 0x0000000705c00000|  0%| F|  |TAMS 0x0000000705b00000, 0x0000000705b00000| Untracked 
|  36|0x0000000705c00000, 0x0000000705c00000, 0x0000000705d00000|  0%| F|  |TAMS 0x0000000705c00000, 0x0000000705c00000| Untracked 
|  37|0x0000000705d00000, 0x0000000705d00000, 0x0000000705e00000|  0%| F|  |TAMS 0x0000000705d00000, 0x0000000705d00000| Untracked 
|  38|0x0000000705e00000, 0x0000000705e00000, 0x0000000705f00000|  0%| F|  |TAMS 0x0000000705e00000, 0x0000000705e00000| Untracked 
|  39|0x0000000705f00000, 0x0000000705f00000, 0x0000000706000000|  0%| F|  |TAMS 0x0000000705f00000, 0x0000000705f00000| Untracked 
|  40|0x0000000706000000, 0x0000000706000000, 0x0000000706100000|  0%| F|  |TAMS 0x0000000706000000, 0x0000000706000000| Untracked 
|  41|0x0000000706100000, 0x0000000706100000, 0x0000000706200000|  0%| F|  |TAMS 0x0000000706100000, 0x0000000706100000| Untracked 
|  42|0x0000000706200000, 0x0000000706200000, 0x0000000706300000|  0%| F|  |TAMS 0x0000000706200000, 0x0000000706200000| Untracked 
|  43|0x0000000706300000, 0x0000000706300000, 0x0000000706400000|  0%| F|  |TAMS 0x0000000706300000, 0x0000000706300000| Untracked 
|  44|0x0000000706400000, 0x0000000706400000, 0x0000000706500000|  0%| F|  |TAMS 0x0000000706400000, 0x0000000706400000| Untracked 
|  45|0x0000000706500000, 0x0000000706500000, 0x0000000706600000|  0%| F|  |TAMS 0x0000000706500000, 0x0000000706500000| Untracked 
|  46|0x0000000706600000, 0x0000000706600000, 0x0000000706700000|  0%| F|  |TAMS 0x0000000706600000, 0x0000000706600000| Untracked 
|  47|0x0000000706700000, 0x0000000706700000, 0x0000000706800000|  0%| F|  |TAMS 0x0000000706700000, 0x0000000706700000| Untracked 
|  48|0x0000000706800000, 0x0000000706800000, 0x0000000706900000|  0%| F|  |TAMS 0x0000000706800000, 0x0000000706800000| Untracked 
|  49|0x0000000706900000, 0x0000000706900000, 0x0000000706a00000|  0%| F|  |TAMS 0x0000000706900000, 0x0000000706900000| Untracked 
|  50|0x0000000706a00000, 0x0000000706a00000, 0x0000000706b00000|  0%| F|  |TAMS 0x0000000706a00000, 0x0000000706a00000| Untracked 
|  51|0x0000000706b00000, 0x0000000706b00000, 0x0000000706c00000|  0%| F|  |TAMS 0x0000000706b00000, 0x0000000706b00000| Untracked 
|  52|0x0000000706c00000, 0x0000000706c00000, 0x0000000706d00000|  0%| F|  |TAMS 0x0000000706c00000, 0x0000000706c00000| Untracked 
|  53|0x0000000706d00000, 0x0000000706d00000, 0x0000000706e00000|  0%| F|  |TAMS 0x0000000706d00000, 0x0000000706d00000| Untracked 
|  54|0x0000000706e00000, 0x0000000706e00000, 0x0000000706f00000|  0%| F|  |TAMS 0x0000000706e00000, 0x0000000706e00000| Untracked 
|  55|0x0000000706f00000, 0x0000000706f00000, 0x0000000707000000|  0%| F|  |TAMS 0x0000000706f00000, 0x0000000706f00000| Untracked 
|  56|0x0000000707000000, 0x0000000707000000, 0x0000000707100000|  0%| F|  |TAMS 0x0000000707000000, 0x0000000707000000| Untracked 
|  57|0x0000000707100000, 0x0000000707100000, 0x0000000707200000|  0%| F|  |TAMS 0x0000000707100000, 0x0000000707100000| Untracked 
|  58|0x0000000707200000, 0x0000000707200000, 0x0000000707300000|  0%| F|  |TAMS 0x0000000707200000, 0x0000000707200000| Untracked 
|  59|0x0000000707300000, 0x0000000707300000, 0x0000000707400000|  0%| F|  |TAMS 0x0000000707300000, 0x0000000707300000| Untracked 
|  60|0x0000000707400000, 0x0000000707400000, 0x0000000707500000|  0%| F|  |TAMS 0x0000000707400000, 0x0000000707400000| Untracked 
|  61|0x0000000707500000, 0x0000000707500000, 0x0000000707600000|  0%| F|  |TAMS 0x0000000707500000, 0x0000000707500000| Untracked 
|  62|0x0000000707600000, 0x0000000707600000, 0x0000000707700000|  0%| F|  |TAMS 0x0000000707600000, 0x0000000707600000| Untracked 
|  63|0x0000000707700000, 0x0000000707700000, 0x0000000707800000|  0%| F|  |TAMS 0x0000000707700000, 0x0000000707700000| Untracked 
|  64|0x0000000707800000, 0x0000000707800000, 0x0000000707900000|  0%| F|  |TAMS 0x0000000707800000, 0x0000000707800000| Untracked 
|  65|0x0000000707900000, 0x0000000707900000, 0x0000000707a00000|  0%| F|  |TAMS 0x0000000707900000, 0x0000000707900000| Untracked 
|  66|0x0000000707a00000, 0x0000000707a00000, 0x0000000707b00000|  0%| F|  |TAMS 0x0000000707a00000, 0x0000000707a00000| Untracked 
|  67|0x0000000707b00000, 0x0000000707b00000, 0x0000000707c00000|  0%| F|  |TAMS 0x0000000707b00000, 0x0000000707b00000| Untracked 
|  68|0x0000000707c00000, 0x0000000707c00000, 0x0000000707d00000|  0%| F|  |TAMS 0x0000000707c00000, 0x0000000707c00000| Untracked 
|  69|0x0000000707d00000, 0x0000000707d00000, 0x0000000707e00000|  0%| F|  |TAMS 0x0000000707d00000, 0x0000000707d00000| Untracked 
|  70|0x0000000707e00000, 0x0000000707e00000, 0x0000000707f00000|  0%| F|  |TAMS 0x0000000707e00000, 0x0000000707e00000| Untracked 
|  71|0x0000000707f00000, 0x0000000707f00000, 0x0000000708000000|  0%| F|  |TAMS 0x0000000707f00000, 0x0000000707f00000| Untracked 
|  72|0x0000000708000000, 0x0000000708000000, 0x0000000708100000|  0%| F|  |TAMS 0x0000000708000000, 0x0000000708000000| Untracked 
|  73|0x0000000708100000, 0x0000000708100000, 0x0000000708200000|  0%| F|  |TAMS 0x0000000708100000, 0x0000000708100000| Untracked 
|  74|0x0000000708200000, 0x0000000708200000, 0x0000000708300000|  0%| F|  |TAMS 0x0000000708200000, 0x0000000708200000| Untracked 
|  75|0x0000000708300000, 0x0000000708300000, 0x0000000708400000|  0%| F|  |TAMS 0x0000000708300000, 0x0000000708300000| Untracked 
|  76|0x0000000708400000, 0x0000000708400000, 0x0000000708500000|  0%| F|  |TAMS 0x0000000708400000, 0x0000000708400000| Untracked 
|  77|0x0000000708500000, 0x0000000708500000, 0x0000000708600000|  0%| F|  |TAMS 0x0000000708500000, 0x0000000708500000| Untracked 
|  78|0x0000000708600000, 0x0000000708600000, 0x0000000708700000|  0%| F|  |TAMS 0x0000000708600000, 0x0000000708600000| Untracked 
|  79|0x0000000708700000, 0x0000000708700000, 0x0000000708800000|  0%| F|  |TAMS 0x0000000708700000, 0x0000000708700000| Untracked 
|  80|0x0000000708800000, 0x0000000708800000, 0x0000000708900000|  0%| F|  |TAMS 0x0000000708800000, 0x0000000708800000| Untracked 
|  81|0x0000000708900000, 0x0000000708900000, 0x0000000708a00000|  0%| F|  |TAMS 0x0000000708900000, 0x0000000708900000| Untracked 
|  82|0x0000000708a00000, 0x0000000708a00000, 0x0000000708b00000|  0%| F|  |TAMS 0x0000000708a00000, 0x0000000708a00000| Untracked 
|  83|0x0000000708b00000, 0x0000000708b00000, 0x0000000708c00000|  0%| F|  |TAMS 0x0000000708b00000, 0x0000000708b00000| Untracked 
|  84|0x0000000708c00000, 0x0000000708c00000, 0x0000000708d00000|  0%| F|  |TAMS 0x0000000708c00000, 0x0000000708c00000| Untracked 
|  85|0x0000000708d00000, 0x0000000708d00000, 0x0000000708e00000|  0%| F|  |TAMS 0x0000000708d00000, 0x0000000708d00000| Untracked 
|  86|0x0000000708e00000, 0x0000000708e00000, 0x0000000708f00000|  0%| F|  |TAMS 0x0000000708e00000, 0x0000000708e00000| Untracked 
|  87|0x0000000708f00000, 0x0000000708f00000, 0x0000000709000000|  0%| F|  |TAMS 0x0000000708f00000, 0x0000000708f00000| Untracked 
|  88|0x0000000709000000, 0x0000000709000000, 0x0000000709100000|  0%| F|  |TAMS 0x0000000709000000, 0x0000000709000000| Untracked 
|  89|0x0000000709100000, 0x0000000709100000, 0x0000000709200000|  0%| F|  |TAMS 0x0000000709100000, 0x0000000709100000| Untracked 
|  90|0x0000000709200000, 0x0000000709200000, 0x0000000709300000|  0%| F|  |TAMS 0x0000000709200000, 0x0000000709200000| Untracked 
|  91|0x0000000709300000, 0x0000000709300000, 0x0000000709400000|  0%| F|  |TAMS 0x0000000709300000, 0x0000000709300000| Untracked 
|  92|0x0000000709400000, 0x0000000709400000, 0x0000000709500000|  0%| F|  |TAMS 0x0000000709400000, 0x0000000709400000| Untracked 
|  93|0x0000000709500000, 0x0000000709500000, 0x0000000709600000|  0%| F|  |TAMS 0x0000000709500000, 0x0000000709500000| Untracked 
|  94|0x0000000709600000, 0x0000000709600000, 0x0000000709700000|  0%| F|  |TAMS 0x0000000709600000, 0x0000000709600000| Untracked 
|  95|0x0000000709700000, 0x0000000709700000, 0x0000000709800000|  0%| F|  |TAMS 0x0000000709700000, 0x0000000709700000| Untracked 
|  96|0x0000000709800000, 0x0000000709800000, 0x0000000709900000|  0%| F|  |TAMS 0x0000000709800000, 0x0000000709800000| Untracked 
|  97|0x0000000709900000, 0x0000000709900000, 0x0000000709a00000|  0%| F|  |TAMS 0x0000000709900000, 0x0000000709900000| Untracked 
|  98|0x0000000709a00000, 0x0000000709a00000, 0x0000000709b00000|  0%| F|  |TAMS 0x0000000709a00000, 0x0000000709a00000| Untracked 
|  99|0x0000000709b00000, 0x0000000709b00000, 0x0000000709c00000|  0%| F|  |TAMS 0x0000000709b00000, 0x0000000709b00000| Untracked 
| 100|0x0000000709c00000, 0x0000000709c00000, 0x0000000709d00000|  0%| F|  |TAMS 0x0000000709c00000, 0x0000000709c00000| Untracked 
| 101|0x0000000709d00000, 0x0000000709d00000, 0x0000000709e00000|  0%| F|  |TAMS 0x0000000709d00000, 0x0000000709d00000| Untracked 
| 102|0x0000000709e00000, 0x0000000709e00000, 0x0000000709f00000|  0%| F|  |TAMS 0x0000000709e00000, 0x0000000709e00000| Untracked 
| 103|0x0000000709f00000, 0x0000000709f00000, 0x000000070a000000|  0%| F|  |TAMS 0x0000000709f00000, 0x0000000709f00000| Untracked 
| 104|0x000000070a000000, 0x000000070a000000, 0x000000070a100000|  0%| F|  |TAMS 0x000000070a000000, 0x000000070a000000| Untracked 
| 105|0x000000070a100000, 0x000000070a100000, 0x000000070a200000|  0%| F|  |TAMS 0x000000070a100000, 0x000000070a100000| Untracked 
| 106|0x000000070a200000, 0x000000070a200000, 0x000000070a300000|  0%| F|  |TAMS 0x000000070a200000, 0x000000070a200000| Untracked 
| 107|0x000000070a300000, 0x000000070a300000, 0x000000070a400000|  0%| F|  |TAMS 0x000000070a300000, 0x000000070a300000| Untracked 
| 108|0x000000070a400000, 0x000000070a400000, 0x000000070a500000|  0%| F|  |TAMS 0x000000070a400000, 0x000000070a400000| Untracked 
| 109|0x000000070a500000, 0x000000070a500000, 0x000000070a600000|  0%| F|  |TAMS 0x000000070a500000, 0x000000070a500000| Untracked 
| 110|0x000000070a600000, 0x000000070a600000, 0x000000070a700000|  0%| F|  |TAMS 0x000000070a600000, 0x000000070a600000| Untracked 
| 111|0x000000070a700000, 0x000000070a700000, 0x000000070a800000|  0%| F|  |TAMS 0x000000070a700000, 0x000000070a700000| Untracked 
| 112|0x000000070a800000, 0x000000070a800000, 0x000000070a900000|  0%| F|  |TAMS 0x000000070a800000, 0x000000070a800000| Untracked 
| 113|0x000000070a900000, 0x000000070a900000, 0x000000070aa00000|  0%| F|  |TAMS 0x000000070a900000, 0x000000070a900000| Untracked 
| 114|0x000000070aa00000, 0x000000070aa00000, 0x000000070ab00000|  0%| F|  |TAMS 0x000000070aa00000, 0x000000070aa00000| Untracked 
| 115|0x000000070ab00000, 0x000000070ab00000, 0x000000070ac00000|  0%| F|  |TAMS 0x000000070ab00000, 0x000000070ab00000| Untracked 
| 116|0x000000070ac00000, 0x000000070ac00000, 0x000000070ad00000|  0%| F|  |TAMS 0x000000070ac00000, 0x000000070ac00000| Untracked 
| 117|0x000000070ad00000, 0x000000070ad00000, 0x000000070ae00000|  0%| F|  |TAMS 0x000000070ad00000, 0x000000070ad00000| Untracked 
| 118|0x000000070ae00000, 0x000000070ae00000, 0x000000070af00000|  0%| F|  |TAMS 0x000000070ae00000, 0x000000070ae00000| Untracked 
| 119|0x000000070af00000, 0x000000070af00000, 0x000000070b000000|  0%| F|  |TAMS 0x000000070af00000, 0x000000070af00000| Untracked 
| 120|0x000000070b000000, 0x000000070b000000, 0x000000070b100000|  0%| F|  |TAMS 0x000000070b000000, 0x000000070b000000| Untracked 
| 121|0x000000070b100000, 0x000000070b100000, 0x000000070b200000|  0%| F|  |TAMS 0x000000070b100000, 0x000000070b100000| Untracked 
| 122|0x000000070b200000, 0x000000070b200000, 0x000000070b300000|  0%| F|  |TAMS 0x000000070b200000, 0x000000070b200000| Untracked 
| 123|0x000000070b300000, 0x000000070b300000, 0x000000070b400000|  0%| F|  |TAMS 0x000000070b300000, 0x000000070b300000| Untracked 
| 124|0x000000070b400000, 0x000000070b400000, 0x000000070b500000|  0%| F|  |TAMS 0x000000070b400000, 0x000000070b400000| Untracked 
| 125|0x000000070b500000, 0x000000070b500000, 0x000000070b600000|  0%| F|  |TAMS 0x000000070b500000, 0x000000070b500000| Untracked 
| 126|0x000000070b600000, 0x000000070b600000, 0x000000070b700000|  0%| F|  |TAMS 0x000000070b600000, 0x000000070b600000| Untracked 
| 127|0x000000070b700000, 0x000000070b700000, 0x000000070b800000|  0%| F|  |TAMS 0x000000070b700000, 0x000000070b700000| Untracked 
| 128|0x000000070b800000, 0x000000070b800000, 0x000000070b900000|  0%| F|  |TAMS 0x000000070b800000, 0x000000070b800000| Untracked 
| 129|0x000000070b900000, 0x000000070b900000, 0x000000070ba00000|  0%| F|  |TAMS 0x000000070b900000, 0x000000070b900000| Untracked 
| 130|0x000000070ba00000, 0x000000070ba00000, 0x000000070bb00000|  0%| F|  |TAMS 0x000000070ba00000, 0x000000070ba00000| Untracked 
| 131|0x000000070bb00000, 0x000000070bb00000, 0x000000070bc00000|  0%| F|  |TAMS 0x000000070bb00000, 0x000000070bb00000| Untracked 
| 132|0x000000070bc00000, 0x000000070bc00000, 0x000000070bd00000|  0%| F|  |TAMS 0x000000070bc00000, 0x000000070bc00000| Untracked 
| 133|0x000000070bd00000, 0x000000070bd00000, 0x000000070be00000|  0%| F|  |TAMS 0x000000070bd00000, 0x000000070bd00000| Untracked 
| 134|0x000000070be00000, 0x000000070be00000, 0x000000070bf00000|  0%| F|  |TAMS 0x000000070be00000, 0x000000070be00000| Untracked 
| 135|0x000000070bf00000, 0x000000070bf00000, 0x000000070c000000|  0%| F|  |TAMS 0x000000070bf00000, 0x000000070bf00000| Untracked 
| 136|0x000000070c000000, 0x000000070c000000, 0x000000070c100000|  0%| F|  |TAMS 0x000000070c000000, 0x000000070c000000| Untracked 
| 137|0x000000070c100000, 0x000000070c100000, 0x000000070c200000|  0%| F|  |TAMS 0x000000070c100000, 0x000000070c100000| Untracked 
| 138|0x000000070c200000, 0x000000070c200000, 0x000000070c300000|  0%| F|  |TAMS 0x000000070c200000, 0x000000070c200000| Untracked 
| 139|0x000000070c300000, 0x000000070c300000, 0x000000070c400000|  0%| F|  |TAMS 0x000000070c300000, 0x000000070c300000| Untracked 
| 140|0x000000070c400000, 0x000000070c400000, 0x000000070c500000|  0%| F|  |TAMS 0x000000070c400000, 0x000000070c400000| Untracked 
| 141|0x000000070c500000, 0x000000070c500000, 0x000000070c600000|  0%| F|  |TAMS 0x000000070c500000, 0x000000070c500000| Untracked 
| 142|0x000000070c600000, 0x000000070c600000, 0x000000070c700000|  0%| F|  |TAMS 0x000000070c600000, 0x000000070c600000| Untracked 
| 143|0x000000070c700000, 0x000000070c700000, 0x000000070c800000|  0%| F|  |TAMS 0x000000070c700000, 0x000000070c700000| Untracked 
| 144|0x000000070c800000, 0x000000070c800000, 0x000000070c900000|  0%| F|  |TAMS 0x000000070c800000, 0x000000070c800000| Untracked 
| 145|0x000000070c900000, 0x000000070c900000, 0x000000070ca00000|  0%| F|  |TAMS 0x000000070c900000, 0x000000070c900000| Untracked 
| 146|0x000000070ca00000, 0x000000070ca00000, 0x000000070cb00000|  0%| F|  |TAMS 0x000000070ca00000, 0x000000070ca00000| Untracked 
| 147|0x000000070cb00000, 0x000000070cb00000, 0x000000070cc00000|  0%| F|  |TAMS 0x000000070cb00000, 0x000000070cb00000| Untracked 
| 148|0x000000070cc00000, 0x000000070cc00000, 0x000000070cd00000|  0%| F|  |TAMS 0x000000070cc00000, 0x000000070cc00000| Untracked 
| 149|0x000000070cd00000, 0x000000070cd00000, 0x000000070ce00000|  0%| F|  |TAMS 0x000000070cd00000, 0x000000070cd00000| Untracked 
| 150|0x000000070ce00000, 0x000000070ce00000, 0x000000070cf00000|  0%| F|  |TAMS 0x000000070ce00000, 0x000000070ce00000| Untracked 
| 151|0x000000070cf00000, 0x000000070cf00000, 0x000000070d000000|  0%| F|  |TAMS 0x000000070cf00000, 0x000000070cf00000| Untracked 
| 152|0x000000070d000000, 0x000000070d000000, 0x000000070d100000|  0%| F|  |TAMS 0x000000070d000000, 0x000000070d000000| Untracked 
| 153|0x000000070d100000, 0x000000070d100000, 0x000000070d200000|  0%| F|  |TAMS 0x000000070d100000, 0x000000070d100000| Untracked 
| 154|0x000000070d200000, 0x000000070d200000, 0x000000070d300000|  0%| F|  |TAMS 0x000000070d200000, 0x000000070d200000| Untracked 
| 155|0x000000070d300000, 0x000000070d300000, 0x000000070d400000|  0%| F|  |TAMS 0x000000070d300000, 0x000000070d300000| Untracked 
| 156|0x000000070d400000, 0x000000070d400000, 0x000000070d500000|  0%| F|  |TAMS 0x000000070d400000, 0x000000070d400000| Untracked 
| 157|0x000000070d500000, 0x000000070d500000, 0x000000070d600000|  0%| F|  |TAMS 0x000000070d500000, 0x000000070d500000| Untracked 
| 158|0x000000070d600000, 0x000000070d600000, 0x000000070d700000|  0%| F|  |TAMS 0x000000070d600000, 0x000000070d600000| Untracked 
| 159|0x000000070d700000, 0x000000070d700000, 0x000000070d800000|  0%| F|  |TAMS 0x000000070d700000, 0x000000070d700000| Untracked 
| 160|0x000000070d800000, 0x000000070d800000, 0x000000070d900000|  0%| F|  |TAMS 0x000000070d800000, 0x000000070d800000| Untracked 
| 161|0x000000070d900000, 0x000000070d900000, 0x000000070da00000|  0%| F|  |TAMS 0x000000070d900000, 0x000000070d900000| Untracked 
| 162|0x000000070da00000, 0x000000070da00000, 0x000000070db00000|  0%| F|  |TAMS 0x000000070da00000, 0x000000070da00000| Untracked 
| 163|0x000000070db00000, 0x000000070db00000, 0x000000070dc00000|  0%| F|  |TAMS 0x000000070db00000, 0x000000070db00000| Untracked 
| 164|0x000000070dc00000, 0x000000070dc00000, 0x000000070dd00000|  0%| F|  |TAMS 0x000000070dc00000, 0x000000070dc00000| Untracked 
| 165|0x000000070dd00000, 0x000000070dd00000, 0x000000070de00000|  0%| F|  |TAMS 0x000000070dd00000, 0x000000070dd00000| Untracked 
| 166|0x000000070de00000, 0x000000070de00000, 0x000000070df00000|  0%| F|  |TAMS 0x000000070de00000, 0x000000070de00000| Untracked 
| 167|0x000000070df00000, 0x000000070df00000, 0x000000070e000000|  0%| F|  |TAMS 0x000000070df00000, 0x000000070df00000| Untracked 
| 168|0x000000070e000000, 0x000000070e000000, 0x000000070e100000|  0%| F|  |TAMS 0x000000070e000000, 0x000000070e000000| Untracked 
| 169|0x000000070e100000, 0x000000070e100000, 0x000000070e200000|  0%| F|  |TAMS 0x000000070e100000, 0x000000070e100000| Untracked 
| 170|0x000000070e200000, 0x000000070e200000, 0x000000070e300000|  0%| F|  |TAMS 0x000000070e200000, 0x000000070e200000| Untracked 
| 171|0x000000070e300000, 0x000000070e300000, 0x000000070e400000|  0%| F|  |TAMS 0x000000070e300000, 0x000000070e300000| Untracked 
| 172|0x000000070e400000, 0x000000070e400000, 0x000000070e500000|  0%| F|  |TAMS 0x000000070e400000, 0x000000070e400000| Untracked 
| 173|0x000000070e500000, 0x000000070e500000, 0x000000070e600000|  0%| F|  |TAMS 0x000000070e500000, 0x000000070e500000| Untracked 
| 174|0x000000070e600000, 0x000000070e600000, 0x000000070e700000|  0%| F|  |TAMS 0x000000070e600000, 0x000000070e600000| Untracked 
| 175|0x000000070e700000, 0x000000070e700000, 0x000000070e800000|  0%| F|  |TAMS 0x000000070e700000, 0x000000070e700000| Untracked 
| 176|0x000000070e800000, 0x000000070e800000, 0x000000070e900000|  0%| F|  |TAMS 0x000000070e800000, 0x000000070e800000| Untracked 
| 177|0x000000070e900000, 0x000000070e900000, 0x000000070ea00000|  0%| F|  |TAMS 0x000000070e900000, 0x000000070e900000| Untracked 
| 178|0x000000070ea00000, 0x000000070ea00000, 0x000000070eb00000|  0%| F|  |TAMS 0x000000070ea00000, 0x000000070ea00000| Untracked 
| 179|0x000000070eb00000, 0x000000070eb00000, 0x000000070ec00000|  0%| F|  |TAMS 0x000000070eb00000, 0x000000070eb00000| Untracked 
| 180|0x000000070ec00000, 0x000000070ec00000, 0x000000070ed00000|  0%| F|  |TAMS 0x000000070ec00000, 0x000000070ec00000| Untracked 
| 181|0x000000070ed00000, 0x000000070ed00000, 0x000000070ee00000|  0%| F|  |TAMS 0x000000070ed00000, 0x000000070ed00000| Untracked 
| 182|0x000000070ee00000, 0x000000070ee00000, 0x000000070ef00000|  0%| F|  |TAMS 0x000000070ee00000, 0x000000070ee00000| Untracked 
| 183|0x000000070ef00000, 0x000000070ef00000, 0x000000070f000000|  0%| F|  |TAMS 0x000000070ef00000, 0x000000070ef00000| Untracked 
| 184|0x000000070f000000, 0x000000070f000000, 0x000000070f100000|  0%| F|  |TAMS 0x000000070f000000, 0x000000070f000000| Untracked 
| 185|0x000000070f100000, 0x000000070f100000, 0x000000070f200000|  0%| F|  |TAMS 0x000000070f100000, 0x000000070f100000| Untracked 
| 186|0x000000070f200000, 0x000000070f200000, 0x000000070f300000|  0%| F|  |TAMS 0x000000070f200000, 0x000000070f200000| Untracked 
| 187|0x000000070f300000, 0x000000070f300000, 0x000000070f400000|  0%| F|  |TAMS 0x000000070f300000, 0x000000070f300000| Untracked 
| 188|0x000000070f400000, 0x000000070f400000, 0x000000070f500000|  0%| F|  |TAMS 0x000000070f400000, 0x000000070f400000| Untracked 
| 189|0x000000070f500000, 0x000000070f500000, 0x000000070f600000|  0%| F|  |TAMS 0x000000070f500000, 0x000000070f500000| Untracked 
| 190|0x000000070f600000, 0x000000070f600000, 0x000000070f700000|  0%| F|  |TAMS 0x000000070f600000, 0x000000070f600000| Untracked 
| 191|0x000000070f700000, 0x000000070f700000, 0x000000070f800000|  0%| F|  |TAMS 0x000000070f700000, 0x000000070f700000| Untracked 
| 192|0x000000070f800000, 0x000000070f800000, 0x000000070f900000|  0%| F|  |TAMS 0x000000070f800000, 0x000000070f800000| Untracked 
| 193|0x000000070f900000, 0x000000070f900000, 0x000000070fa00000|  0%| F|  |TAMS 0x000000070f900000, 0x000000070f900000| Untracked 
| 194|0x000000070fa00000, 0x000000070fa00000, 0x000000070fb00000|  0%| F|  |TAMS 0x000000070fa00000, 0x000000070fa00000| Untracked 
| 195|0x000000070fb00000, 0x000000070fb00000, 0x000000070fc00000|  0%| F|  |TAMS 0x000000070fb00000, 0x000000070fb00000| Untracked 
| 196|0x000000070fc00000, 0x000000070fc00000, 0x000000070fd00000|  0%| F|  |TAMS 0x000000070fc00000, 0x000000070fc00000| Untracked 
| 197|0x000000070fd00000, 0x000000070fd00000, 0x000000070fe00000|  0%| F|  |TAMS 0x000000070fd00000, 0x000000070fd00000| Untracked 
| 198|0x000000070fe00000, 0x000000070fe00000, 0x000000070ff00000|  0%| F|  |TAMS 0x000000070fe00000, 0x000000070fe00000| Untracked 
| 199|0x000000070ff00000, 0x000000070ff00000, 0x0000000710000000|  0%| F|  |TAMS 0x000000070ff00000, 0x000000070ff00000| Untracked 
| 200|0x0000000710000000, 0x0000000710000000, 0x0000000710100000|  0%| F|  |TAMS 0x0000000710000000, 0x0000000710000000| Untracked 
| 201|0x0000000710100000, 0x0000000710100000, 0x0000000710200000|  0%| F|  |TAMS 0x0000000710100000, 0x0000000710100000| Untracked 
| 202|0x0000000710200000, 0x0000000710200000, 0x0000000710300000|  0%| F|  |TAMS 0x0000000710200000, 0x0000000710200000| Untracked 
| 203|0x0000000710300000, 0x0000000710300000, 0x0000000710400000|  0%| F|  |TAMS 0x0000000710300000, 0x0000000710300000| Untracked 
| 204|0x0000000710400000, 0x0000000710400000, 0x0000000710500000|  0%| F|  |TAMS 0x0000000710400000, 0x0000000710400000| Untracked 
| 205|0x0000000710500000, 0x0000000710500000, 0x0000000710600000|  0%| F|  |TAMS 0x0000000710500000, 0x0000000710500000| Untracked 
| 206|0x0000000710600000, 0x0000000710600000, 0x0000000710700000|  0%| F|  |TAMS 0x0000000710600000, 0x0000000710600000| Untracked 
| 207|0x0000000710700000, 0x0000000710700000, 0x0000000710800000|  0%| F|  |TAMS 0x0000000710700000, 0x0000000710700000| Untracked 
| 208|0x0000000710800000, 0x0000000710800000, 0x0000000710900000|  0%| F|  |TAMS 0x0000000710800000, 0x0000000710800000| Untracked 
| 209|0x0000000710900000, 0x0000000710900000, 0x0000000710a00000|  0%| F|  |TAMS 0x0000000710900000, 0x0000000710900000| Untracked 
| 210|0x0000000710a00000, 0x0000000710a00000, 0x0000000710b00000|  0%| F|  |TAMS 0x0000000710a00000, 0x0000000710a00000| Untracked 
| 211|0x0000000710b00000, 0x0000000710b00000, 0x0000000710c00000|  0%| F|  |TAMS 0x0000000710b00000, 0x0000000710b00000| Untracked 
| 212|0x0000000710c00000, 0x0000000710c00000, 0x0000000710d00000|  0%| F|  |TAMS 0x0000000710c00000, 0x0000000710c00000| Untracked 
| 213|0x0000000710d00000, 0x0000000710d00000, 0x0000000710e00000|  0%| F|  |TAMS 0x0000000710d00000, 0x0000000710d00000| Untracked 
| 214|0x0000000710e00000, 0x0000000710e00000, 0x0000000710f00000|  0%| F|  |TAMS 0x0000000710e00000, 0x0000000710e00000| Untracked 
| 215|0x0000000710f00000, 0x0000000710f00000, 0x0000000711000000|  0%| F|  |TAMS 0x0000000710f00000, 0x0000000710f00000| Untracked 
| 216|0x0000000711000000, 0x0000000711000000, 0x0000000711100000|  0%| F|  |TAMS 0x0000000711000000, 0x0000000711000000| Untracked 
| 217|0x0000000711100000, 0x0000000711100000, 0x0000000711200000|  0%| F|  |TAMS 0x0000000711100000, 0x0000000711100000| Untracked 
| 218|0x0000000711200000, 0x0000000711200000, 0x0000000711300000|  0%| F|  |TAMS 0x0000000711200000, 0x0000000711200000| Untracked 
| 219|0x0000000711300000, 0x0000000711300000, 0x0000000711400000|  0%| F|  |TAMS 0x0000000711300000, 0x0000000711300000| Untracked 
| 220|0x0000000711400000, 0x0000000711400000, 0x0000000711500000|  0%| F|  |TAMS 0x0000000711400000, 0x0000000711400000| Untracked 
| 221|0x0000000711500000, 0x0000000711500000, 0x0000000711600000|  0%| F|  |TAMS 0x0000000711500000, 0x0000000711500000| Untracked 
| 222|0x0000000711600000, 0x0000000711600000, 0x0000000711700000|  0%| F|  |TAMS 0x0000000711600000, 0x0000000711600000| Untracked 
| 223|0x0000000711700000, 0x0000000711700000, 0x0000000711800000|  0%| F|  |TAMS 0x0000000711700000, 0x0000000711700000| Untracked 
| 224|0x0000000711800000, 0x0000000711800000, 0x0000000711900000|  0%| F|  |TAMS 0x0000000711800000, 0x0000000711800000| Untracked 
| 225|0x0000000711900000, 0x0000000711900000, 0x0000000711a00000|  0%| F|  |TAMS 0x0000000711900000, 0x0000000711900000| Untracked 
| 226|0x0000000711a00000, 0x0000000711a00000, 0x0000000711b00000|  0%| F|  |TAMS 0x0000000711a00000, 0x0000000711a00000| Untracked 
| 227|0x0000000711b00000, 0x0000000711b00000, 0x0000000711c00000|  0%| F|  |TAMS 0x0000000711b00000, 0x0000000711b00000| Untracked 
| 228|0x0000000711c00000, 0x0000000711c00000, 0x0000000711d00000|  0%| F|  |TAMS 0x0000000711c00000, 0x0000000711c00000| Untracked 
| 229|0x0000000711d00000, 0x0000000711d00000, 0x0000000711e00000|  0%| F|  |TAMS 0x0000000711d00000, 0x0000000711d00000| Untracked 
| 230|0x0000000711e00000, 0x0000000711e00000, 0x0000000711f00000|  0%| F|  |TAMS 0x0000000711e00000, 0x0000000711e00000| Untracked 
| 231|0x0000000711f00000, 0x0000000711f00000, 0x0000000712000000|  0%| F|  |TAMS 0x0000000711f00000, 0x0000000711f00000| Untracked 
| 232|0x0000000712000000, 0x0000000712000000, 0x0000000712100000|  0%| F|  |TAMS 0x0000000712000000, 0x0000000712000000| Untracked 
| 233|0x0000000712100000, 0x0000000712100000, 0x0000000712200000|  0%| F|  |TAMS 0x0000000712100000, 0x0000000712100000| Untracked 
| 234|0x0000000712200000, 0x0000000712200000, 0x0000000712300000|  0%| F|  |TAMS 0x0000000712200000, 0x0000000712200000| Untracked 
| 235|0x0000000712300000, 0x0000000712300000, 0x0000000712400000|  0%| F|  |TAMS 0x0000000712300000, 0x0000000712300000| Untracked 
| 236|0x0000000712400000, 0x0000000712400000, 0x0000000712500000|  0%| F|  |TAMS 0x0000000712400000, 0x0000000712400000| Untracked 
| 237|0x0000000712500000, 0x0000000712500000, 0x0000000712600000|  0%| F|  |TAMS 0x0000000712500000, 0x0000000712500000| Untracked 
| 238|0x0000000712600000, 0x0000000712600000, 0x0000000712700000|  0%| F|  |TAMS 0x0000000712600000, 0x0000000712600000| Untracked 
| 239|0x0000000712700000, 0x0000000712700000, 0x0000000712800000|  0%| F|  |TAMS 0x0000000712700000, 0x0000000712700000| Untracked 
| 240|0x0000000712800000, 0x0000000712800000, 0x0000000712900000|  0%| F|  |TAMS 0x0000000712800000, 0x0000000712800000| Untracked 
| 241|0x0000000712900000, 0x0000000712900000, 0x0000000712a00000|  0%| F|  |TAMS 0x0000000712900000, 0x0000000712900000| Untracked 
| 242|0x0000000712a00000, 0x0000000712a00000, 0x0000000712b00000|  0%| F|  |TAMS 0x0000000712a00000, 0x0000000712a00000| Untracked 
| 243|0x0000000712b00000, 0x0000000712b00000, 0x0000000712c00000|  0%| F|  |TAMS 0x0000000712b00000, 0x0000000712b00000| Untracked 
| 244|0x0000000712c00000, 0x0000000712c00000, 0x0000000712d00000|  0%| F|  |TAMS 0x0000000712c00000, 0x0000000712c00000| Untracked 
| 245|0x0000000712d00000, 0x0000000712d00000, 0x0000000712e00000|  0%| F|  |TAMS 0x0000000712d00000, 0x0000000712d00000| Untracked 
| 246|0x0000000712e00000, 0x0000000712e00000, 0x0000000712f00000|  0%| F|  |TAMS 0x0000000712e00000, 0x0000000712e00000| Untracked 
| 247|0x0000000712f00000, 0x0000000712f00000, 0x0000000713000000|  0%| F|  |TAMS 0x0000000712f00000, 0x0000000712f00000| Untracked 
| 248|0x0000000713000000, 0x0000000713000000, 0x0000000713100000|  0%| F|  |TAMS 0x0000000713000000, 0x0000000713000000| Untracked 
| 249|0x0000000713100000, 0x0000000713200000, 0x0000000713200000|100%| E|  |TAMS 0x0000000713100000, 0x0000000713100000| Complete 
| 250|0x0000000713200000, 0x0000000713300000, 0x0000000713300000|100%| E|CS|TAMS 0x0000000713200000, 0x0000000713200000| Complete 
| 251|0x0000000713300000, 0x0000000713400000, 0x0000000713400000|100%| E|CS|TAMS 0x0000000713300000, 0x0000000713300000| Complete 
| 252|0x0000000713400000, 0x0000000713500000, 0x0000000713500000|100%| E|CS|TAMS 0x0000000713400000, 0x0000000713400000| Complete 
| 253|0x0000000713500000, 0x0000000713600000, 0x0000000713600000|100%| E|CS|TAMS 0x0000000713500000, 0x0000000713500000| Complete 

Card table byte_map: [0x000001d57f550000,0x000001d57fd40000] _byte_map_base: 0x000001d57bd34000

Marking Bits (Prev, Next): (CMBitMap*) 0x000001d57adb6028, (CMBitMap*) 0x000001d57adb6068
 Prev Bits: [0x000001d50f7f0000, 0x000001d513710000)
 Next Bits: [0x000001d513710000, 0x000001d517630000)

Polling page: 0x000001d578c90000

Metaspace:

Usage:
  Non-class:      8.12 MB capacity,     8.04 MB (>99%) used,    68.85 KB ( <1%) free+waste,     6.69 KB ( <1%) overhead. 
      Class:    836.00 KB capacity,   799.11 KB ( 96%) used,    34.27 KB (  4%) free+waste,     2.63 KB ( <1%) overhead. 
       Both:      8.93 MB capacity,     8.82 MB ( 99%) used,   103.12 KB (  1%) free+waste,     9.31 KB ( <1%) overhead. 

Virtual space:
  Non-class space:       10.00 MB reserved,       8.25 MB ( 83%) committed 
      Class space:        1.00 GB reserved,     896.00 KB ( <1%) committed 
             Both:        1.01 GB reserved,       9.13 MB ( <1%) committed 

Chunk freelists:
   Non-Class:  8.00 KB
       Class:  28.00 KB
        Both:  36.00 KB

MaxMetaspaceSize: 17179869184.00 GB
CompressedClassSpaceSize: 1.00 GB

CodeHeap 'non-profiled nmethods': size=120000Kb used=124Kb max_used=124Kb free=119875Kb
 bounds [0x000001d507ad0000, 0x000001d507d40000, 0x000001d50f000000]
CodeHeap 'profiled nmethods': size=120000Kb used=574Kb max_used=574Kb free=119425Kb
 bounds [0x000001d5005a0000, 0x000001d500810000, 0x000001d507ad0000]
CodeHeap 'non-nmethods': size=5760Kb used=1225Kb max_used=1254Kb free=4534Kb
 bounds [0x000001d500000000, 0x000001d500270000, 0x000001d5005a0000]
 total_blobs=787 nmethods=400 adapters=300
 compilation: enabled
              stopped_count=0, restarted_count=0
 full_count=0

Compilation events (20 events):
Event: 0.344 Thread 0x000001d51a8a6800  391       3       java.lang.StringConcatHelper::stringOf (20 bytes)
Event: 0.344 Thread 0x000001d51a8a6800 nmethod 391 0x000001d50062ad10 code [0x000001d50062aec0, 0x000001d50062b108]
Event: 0.344 Thread 0x000001d51a8a6800  393       3       java.lang.StringConcatHelper::newArray (26 bytes)
Event: 0.344 Thread 0x000001d51a8a6800 nmethod 393 0x000001d50062b210 code [0x000001d50062b3c0, 0x000001d50062b608]
Event: 0.344 Thread 0x000001d51a8a6800  394       3       jdk.internal.misc.Unsafe::allocateUninitializedArray (55 bytes)
Event: 0.345 Thread 0x000001d51a8a6800 nmethod 394 0x000001d50062b710 code [0x000001d50062b920, 0x000001d50062bdd8]
Event: 0.345 Thread 0x000001d51a8a6800  392       3       java.lang.StringConcatHelper::mix (27 bytes)
Event: 0.345 Thread 0x000001d51a8a6800 nmethod 392 0x000001d50062bf90 code [0x000001d50062c180, 0x000001d50062c5a8]
Event: 0.347 Thread 0x000001d51a8a6800  395       3       java.util.ArrayList::get (15 bytes)
Event: 0.347 Thread 0x000001d51a8a6800 nmethod 395 0x000001d50062c790 code [0x000001d50062c9a0, 0x000001d50062d1a8]
Event: 0.347 Thread 0x000001d51a8a6800  397   !   3       java.security.cert.Certificate::equals (38 bytes)
Event: 0.347 Thread 0x000001d51a8a6800 nmethod 397 0x000001d50062d490 code [0x000001d50062d700, 0x000001d50062e4c8]
Event: 0.347 Thread 0x000001d51a8a6800  396       3       java.util.ArrayList::elementData (7 bytes)
Event: 0.347 Thread 0x000001d51a8a6800 nmethod 396 0x000001d50062e990 code [0x000001d50062eb20, 0x000001d50062ec58]
Event: 0.348 Thread 0x000001d51a8a6800  398       3       java.lang.String::replace (42 bytes)
Event: 0.348 Thread 0x000001d51a8a6800 nmethod 398 0x000001d50062ed10 code [0x000001d50062eee0, 0x000001d50062f218]
Event: 0.349 Thread 0x000001d51a8a6800  399       3       java.lang.Character::toLowerCase (9 bytes)
Event: 0.349 Thread 0x000001d51a8a6800 nmethod 399 0x000001d50062f310 code [0x000001d50062f4c0, 0x000001d50062f698]
Event: 62.970 Thread 0x000001d51a8a6800  400       3       org.eclipse.jdt.launching.internal.org.objectweb.asm.ClassReader::readUnsignedShort (26 bytes)
Event: 62.970 Thread 0x000001d51a8a6800 nmethod 400 0x000001d50062f790 code [0x000001d50062f920, 0x000001d50062fa98]

GC Heap History (0 events):
No events

Deoptimization events (20 events):
Event: 0.336 Thread 0x000001d57ad4d000 DEOPT PACKING pc=0x000001d50061866d sp=0x000000c4feaf7a80
Event: 0.336 Thread 0x000001d57ad4d000 DEOPT UNPACKING pc=0x000001d50004964e sp=0x000000c4feaf6f48 mode 0
Event: 0.337 Thread 0x000001d57ad4d000 DEOPT PACKING pc=0x000001d50061866d sp=0x000000c4feaf7a80
Event: 0.337 Thread 0x000001d57ad4d000 DEOPT UNPACKING pc=0x000001d50004964e sp=0x000000c4feaf6f48 mode 0
Event: 0.337 Thread 0x000001d57ad4d000 DEOPT PACKING pc=0x000001d50061866d sp=0x000000c4feaf7a80
Event: 0.337 Thread 0x000001d57ad4d000 DEOPT UNPACKING pc=0x000001d50004964e sp=0x000000c4feaf6f48 mode 0
Event: 0.337 Thread 0x000001d57ad4d000 DEOPT PACKING pc=0x000001d50061866d sp=0x000000c4feaf7a80
Event: 0.337 Thread 0x000001d57ad4d000 DEOPT UNPACKING pc=0x000001d50004964e sp=0x000000c4feaf6f48 mode 0
Event: 0.338 Thread 0x000001d57ad4d000 DEOPT PACKING pc=0x000001d50061866d sp=0x000000c4feaf7a80
Event: 0.338 Thread 0x000001d57ad4d000 DEOPT UNPACKING pc=0x000001d50004964e sp=0x000000c4feaf6f48 mode 0
Event: 0.338 Thread 0x000001d57ad4d000 DEOPT PACKING pc=0x000001d50061866d sp=0x000000c4feaf7a80
Event: 0.338 Thread 0x000001d57ad4d000 DEOPT UNPACKING pc=0x000001d50004964e sp=0x000000c4feaf6f48 mode 0
Event: 0.339 Thread 0x000001d57ad4d000 DEOPT PACKING pc=0x000001d50061866d sp=0x000000c4feaf79f0
Event: 0.339 Thread 0x000001d57ad4d000 DEOPT UNPACKING pc=0x000001d50004964e sp=0x000000c4feaf6eb8 mode 0
Event: 0.340 Thread 0x000001d57ad4d000 DEOPT PACKING pc=0x000001d50061866d sp=0x000000c4feafb560
Event: 0.340 Thread 0x000001d57ad4d000 DEOPT UNPACKING pc=0x000001d50004964e sp=0x000000c4feafaa28 mode 0
Event: 0.341 Thread 0x000001d57ad4d000 DEOPT PACKING pc=0x000001d50061866d sp=0x000000c4feaf7a00
Event: 0.341 Thread 0x000001d57ad4d000 DEOPT UNPACKING pc=0x000001d50004964e sp=0x000000c4feaf6ec8 mode 0
Event: 0.343 Thread 0x000001d57ad4d000 DEOPT PACKING pc=0x000001d50061866d sp=0x000000c4feafb490
Event: 0.343 Thread 0x000001d57ad4d000 DEOPT UNPACKING pc=0x000001d50004964e sp=0x000000c4feafa958 mode 0

Classes unloaded (0 events):
No events

Classes redefined (2 events):
Event: 25.808 Thread 0x000001d51a845800 redefined class name=cyberLearn_tuDuy_Khoa1_Chuong5_buiQuocTrieu.bai2_timNguyenDuongNhoNhat, count=1
Event: 62.971 Thread 0x000001d51a845800 redefined class name=cyberLearn_tuDuy_Khoa1_Chuong5_buiQuocTrieu.bai2_timNguyenDuongNhoNhat, count=2

Internal exceptions (0 events):
No events

Events (20 events):
Event: 34.414 Executing VM operation: GetCurrentContendedMonitor done
Event: 34.414 Executing VM operation: GetOwnedMonitorInfo
Event: 34.414 Executing VM operation: GetOwnedMonitorInfo done
Event: 34.980 Executing VM operation: GetCurrentContendedMonitor
Event: 34.981 Executing VM operation: GetCurrentContendedMonitor done
Event: 34.982 Executing VM operation: GetOwnedMonitorInfo
Event: 34.982 Executing VM operation: GetOwnedMonitorInfo done
Event: 39.205 Executing VM operation: GetCurrentContendedMonitor
Event: 39.205 Executing VM operation: GetCurrentContendedMonitor done
Event: 39.206 Executing VM operation: GetOwnedMonitorInfo
Event: 39.206 Executing VM operation: GetOwnedMonitorInfo done
Event: 62.970 Executing VM operation: RedefineClasses
Event: 62.972 Executing VM operation: RedefineClasses done
Event: 62.974 Executing VM operation: ChangeBreakpoints
Event: 62.974 Executing VM operation: ChangeBreakpoints done
Event: 62.977 Executing VM operation: ChangeBreakpoints
Event: 62.977 Executing VM operation: ChangeBreakpoints done
Event: 62.978 Executing VM operation: ChangeBreakpoints
Event: 62.979 Executing VM operation: ChangeBreakpoints done
Event: 62.981 Executing VM operation: ChangeBreakpoints


Dynamic libraries:
0x00007ff616270000 - 0x00007ff61627d000 	C:\Users\buiqu\.p2\pool\plugins\org.eclipse.justj.openjdk.hotspot.jre.full.win32.x86_64_14.0.2.v20200815-0932\jre\bin\javaw.exe
0x00007ffd464b0000 - 0x00007ffd466a6000 	C:\WINDOWS\SYSTEM32\ntdll.dll
0x00007ffd45be0000 - 0x00007ffd45c9d000 	C:\WINDOWS\System32\KERNEL32.DLL
0x00007ffd43f60000 - 0x00007ffd44228000 	C:\WINDOWS\System32\KERNELBASE.dll
0x00007ffd44230000 - 0x00007ffd44330000 	C:\WINDOWS\System32\ucrtbase.dll
0x00007ffd3a7e0000 - 0x00007ffd3a7f8000 	C:\Users\buiqu\.p2\pool\plugins\org.eclipse.justj.openjdk.hotspot.jre.full.win32.x86_64_14.0.2.v20200815-0932\jre\bin\jli.dll
0x00007ffd38100000 - 0x00007ffd38115000 	C:\Users\buiqu\.p2\pool\plugins\org.eclipse.justj.openjdk.hotspot.jre.full.win32.x86_64_14.0.2.v20200815-0932\jre\bin\VCRUNTIME140.dll
0x00007ffd45660000 - 0x00007ffd45800000 	C:\WINDOWS\System32\USER32.dll
0x00007ffd443e0000 - 0x00007ffd44402000 	C:\WINDOWS\System32\win32u.dll
0x00007ffd2aba0000 - 0x00007ffd2ae3b000 	C:\WINDOWS\WinSxS\amd64_microsoft.windows.common-controls_6595b64144ccf1df_6.0.19041.488_none_ca04af081b815d21\COMCTL32.dll
0x00007ffd44bb0000 - 0x00007ffd44bda000 	C:\WINDOWS\System32\GDI32.dll
0x00007ffd45800000 - 0x00007ffd4589e000 	C:\WINDOWS\System32\msvcrt.dll
0x00007ffd43e50000 - 0x00007ffd43f59000 	C:\WINDOWS\System32\gdi32full.dll
0x00007ffd44410000 - 0x00007ffd444ad000 	C:\WINDOWS\System32\msvcp_win.dll
0x00007ffd453a0000 - 0x00007ffd453d0000 	C:\WINDOWS\System32\IMM32.DLL
0x00007ffd2be10000 - 0x00007ffd2beab000 	C:\Users\buiqu\.p2\pool\plugins\org.eclipse.justj.openjdk.hotspot.jre.full.win32.x86_64_14.0.2.v20200815-0932\jre\bin\msvcp140.dll
0x00007ffcf3800000 - 0x00007ffcf431e000 	C:\Users\buiqu\.p2\pool\plugins\org.eclipse.justj.openjdk.hotspot.jre.full.win32.x86_64_14.0.2.v20200815-0932\jre\bin\server\jvm.dll
0x00007ffd45110000 - 0x00007ffd451bc000 	C:\WINDOWS\System32\ADVAPI32.dll
0x00007ffd45300000 - 0x00007ffd4539b000 	C:\WINDOWS\System32\sechost.dll
0x00007ffd453d0000 - 0x00007ffd454f4000 	C:\WINDOWS\System32\RPCRT4.dll
0x00007ffd45100000 - 0x00007ffd45108000 	C:\WINDOWS\System32\PSAPI.DLL
0x00007ffd3a610000 - 0x00007ffd3a619000 	C:\WINDOWS\SYSTEM32\WSOCK32.dll
0x00007ffd38820000 - 0x00007ffd38847000 	C:\WINDOWS\SYSTEM32\WINMM.dll
0x00007ffd39400000 - 0x00007ffd3940a000 	C:\WINDOWS\SYSTEM32\VERSION.dll
0x00007ffd45ab0000 - 0x00007ffd45b1b000 	C:\WINDOWS\System32\WS2_32.dll
0x00007ffd424e0000 - 0x00007ffd424f2000 	C:\WINDOWS\SYSTEM32\kernel.appcore.dll
0x00007ffd2e270000 - 0x00007ffd2e27a000 	C:\Users\buiqu\.p2\pool\plugins\org.eclipse.justj.openjdk.hotspot.jre.full.win32.x86_64_14.0.2.v20200815-0932\jre\bin\jimage.dll
0x00007ffd3db10000 - 0x00007ffd3dcf4000 	C:\WINDOWS\SYSTEM32\DBGHELP.DLL
0x00007ffd38510000 - 0x00007ffd3853c000 	C:\WINDOWS\SYSTEM32\dbgcore.DLL
0x00007ffd43dd0000 - 0x00007ffd43e4f000 	C:\WINDOWS\System32\bcryptPrimitives.dll
0x00007ffd380c0000 - 0x00007ffd380f8000 	C:\Users\buiqu\.p2\pool\plugins\org.eclipse.justj.openjdk.hotspot.jre.full.win32.x86_64_14.0.2.v20200815-0932\jre\bin\jdwp.dll
0x00007ffd02640000 - 0x00007ffd02665000 	C:\Users\buiqu\.p2\pool\plugins\org.eclipse.justj.openjdk.hotspot.jre.full.win32.x86_64_14.0.2.v20200815-0932\jre\bin\java.dll
0x00007ffd3b120000 - 0x00007ffd3b12e000 	C:\Users\buiqu\.p2\pool\plugins\org.eclipse.justj.openjdk.hotspot.jre.full.win32.x86_64_14.0.2.v20200815-0932\jre\bin\instrument.dll
0x00007ffd22870000 - 0x00007ffd22886000 	C:\Users\buiqu\.p2\pool\plugins\org.eclipse.justj.openjdk.hotspot.jre.full.win32.x86_64_14.0.2.v20200815-0932\jre\bin\zip.dll
0x00007ffd45ca0000 - 0x00007ffd463e1000 	C:\WINDOWS\System32\SHELL32.dll
0x00007ffd3e350000 - 0x00007ffd3eae5000 	C:\WINDOWS\SYSTEM32\windows.storage.dll
0x00007ffd44850000 - 0x00007ffd44ba5000 	C:\WINDOWS\System32\combase.dll
0x00007ffd43660000 - 0x00007ffd4368c000 	C:\WINDOWS\SYSTEM32\Wldp.dll
0x00007ffd45050000 - 0x00007ffd450fe000 	C:\WINDOWS\System32\SHCORE.dll
0x00007ffd445e0000 - 0x00007ffd44635000 	C:\WINDOWS\System32\shlwapi.dll
0x00007ffd43b20000 - 0x00007ffd43b46000 	C:\WINDOWS\SYSTEM32\profapi.dll
0x00007ffd3a990000 - 0x00007ffd3a99b000 	C:\Users\buiqu\.p2\pool\plugins\org.eclipse.justj.openjdk.hotspot.jre.full.win32.x86_64_14.0.2.v20200815-0932\jre\bin\dt_socket.dll
0x00007ffd43050000 - 0x00007ffd4308b000 	C:\WINDOWS\SYSTEM32\IPHLPAPI.DLL
0x00007ffd433c0000 - 0x00007ffd4342a000 	C:\WINDOWS\system32\mswsock.dll
0x00007ffd430a0000 - 0x00007ffd4316b000 	C:\WINDOWS\SYSTEM32\DNSAPI.dll
0x00007ffd45530000 - 0x00007ffd45538000 	C:\WINDOWS\System32\NSI.dll
0x00007ffd38710000 - 0x00007ffd3871a000 	C:\Windows\System32\rasadhlp.dll
0x00007ffd32b90000 - 0x00007ffd32c0f000 	C:\WINDOWS\System32\fwpuclnt.dll
0x00007ffd43bf0000 - 0x00007ffd43c17000 	C:\WINDOWS\System32\bcrypt.dll
0x00007ffd101d0000 - 0x00007ffd101e9000 	C:\Users\buiqu\.p2\pool\plugins\org.eclipse.justj.openjdk.hotspot.jre.full.win32.x86_64_14.0.2.v20200815-0932\jre\bin\net.dll
0x00007ffd38720000 - 0x00007ffd38820000 	C:\WINDOWS\SYSTEM32\WINHTTP.dll
0x00007ffd0e6e0000 - 0x00007ffd0e6f2000 	C:\Users\buiqu\.p2\pool\plugins\org.eclipse.justj.openjdk.hotspot.jre.full.win32.x86_64_14.0.2.v20200815-0932\jre\bin\nio.dll
0x00007ffd2df60000 - 0x00007ffd2df70000 	C:\Users\buiqu\.p2\pool\plugins\org.eclipse.justj.openjdk.hotspot.jre.full.win32.x86_64_14.0.2.v20200815-0932\jre\bin\verify.dll

dbghelp: loaded successfully - version: 4.0.5 - missing functions: none
symbol engine: initialized successfully - sym options: 0x614 - pdb path: .;C:\Users\buiqu\.p2\pool\plugins\org.eclipse.justj.openjdk.hotspot.jre.full.win32.x86_64_14.0.2.v20200815-0932\jre\bin;C:\WINDOWS\SYSTEM32;C:\WINDOWS\WinSxS\amd64_microsoft.windows.common-controls_6595b64144ccf1df_6.0.19041.488_none_ca04af081b815d21;C:\Users\buiqu\.p2\pool\plugins\org.eclipse.justj.openjdk.hotspot.jre.full.win32.x86_64_14.0.2.v20200815-0932\jre\bin\server

VM Arguments:
jvm_args: -XX:+ShowCodeDetailsInExceptionMessages -agentlib:jdwp=transport=dt_socket,suspend=y,address=localhost:49802 -javaagent:D:\Eclipse\eclipse\configuration\org.eclipse.osgi\215\0\.cp\lib\javaagent-shaded.jar -Dfile.encoding=Cp1252 
java_command: cyberLearn_tuDuy_Khoa1_Chuong5_buiQuocTrieu.bai2_timNguyenDuongNhoNhat
java_class_path (initial): D:\Github-Project\Cyberlearn\tuDuyLapTrinh\cyberLearn_tuDuy_Khoa1_Chuong5\bin
Launcher Type: SUN_STANDARD

[Global flags]
     intx CICompilerCount                          = 4                                         {product} {ergonomic}
     uint ConcGCThreads                            = 2                                         {product} {ergonomic}
     uint G1ConcRefinementThreads                  = 8                                         {product} {ergonomic}
   size_t G1HeapRegionSize                         = 1048576                                   {product} {ergonomic}
    uintx GCDrainStackTargetSize                   = 64                                        {product} {ergonomic}
   size_t InitialHeapSize                          = 266338304                                 {product} {ergonomic}
   size_t MarkStackSize                            = 4194304                                   {product} {ergonomic}
   size_t MaxHeapSize                              = 4236247040                                {product} {ergonomic}
   size_t MaxNewSize                               = 2541748224                                {product} {ergonomic}
   size_t MinHeapDeltaBytes                        = 1048576                                   {product} {ergonomic}
   size_t MinHeapSize                              = 8388608                                   {product} {ergonomic}
    uintx NonNMethodCodeHeapSize                   = 5839372                                {pd product} {ergonomic}
    uintx NonProfiledCodeHeapSize                  = 122909434                              {pd product} {ergonomic}
    uintx ProfiledCodeHeapSize                     = 122909434                              {pd product} {ergonomic}
    uintx ReservedCodeCacheSize                    = 251658240                              {pd product} {ergonomic}
     bool SegmentedCodeCache                       = true                                      {product} {ergonomic}
     bool ShowCodeDetailsInExceptionMessages       = true                                   {manageable} {command line}
   size_t SoftMaxHeapSize                          = 4236247040                             {manageable} {ergonomic}
     bool UseCompressedClassPointers               = true                                 {lp64_product} {ergonomic}
     bool UseCompressedOops                        = true                                 {lp64_product} {ergonomic}
     bool UseG1GC                                  = true                                      {product} {ergonomic}
     bool UseLargePagesIndividualAllocation        = false                                  {pd product} {ergonomic}

Logging:
Log output configuration:
 #0: stdout all=warning uptime,level,tags
 #1: stderr all=off uptime,level,tags

Environment Variables:
PATH=C:\Users\buiqu\.p2\pool\plugins\org.eclipse.justj.openjdk.hotspot.jre.full.win32.x86_64_14.0.2.v20200815-0932\jre\bin;C:/Users/buiqu/.p2/pool/plugins/org.eclipse.justj.openjdk.hotspot.jre.full.win32.x86_64_14.0.2.v20200815-0932/jre/bin/server;C:/Users/buiqu/.p2/pool/plugins/org.eclipse.justj.openjdk.hotspot.jre.full.win32.x86_64_14.0.2.v20200815-0932/jre/bin;C:\Python38\Scripts\;C:\Python38\;C:\WINDOWS\system32;C:\WINDOWS;C:\WINDOWS\System32\Wbem;C:\WINDOWS\System32\WindowsPowerShell\v1.0\;C:\WINDOWS\System32\OpenSSH\;D:\nodejs\;C:\ProgramData\chocolatey\bin;D:\Wampserver64\bin\php\php7.4.0;C:\ProgramData\ComposerSetup\bin;D:\Git\cmd;C:\Program Files\Docker\Docker\resources\bin;C:\ProgramData\DockerDesktop\version-bin;C:\Program Files\dotnet\;C:\Users\buiqu\AppData\Local\Microsoft\WindowsApps;C:\Users\buiqu\AppData\Local\GitHubDesktop\bin;D:\Microsoft VS Code\bin;C:\Users\buiqu\AppData\Local\atom\bin;C:\Users\buiqu\AppData\Roaming\npm;C:\Users\buiqu\AppData\Roaming\Composer\vendor\bin;%USERPROFILE%\AppData\Local\Microsoft\WindowsApps;;C:\Users\buiqu\AppData\Local\hyper\app-3.0.2\resources\bin;D:\Eclipse\eclipse;
USERNAME=buiqu
OS=Windows_NT
PROCESSOR_IDENTIFIER=Intel64 Family 6 Model 142 Stepping 12, GenuineIntel



---------------  S Y S T E M  ---------------

OS: Windows 10 , 64 bit Build 19041 (10.0.19041.546)
OS uptime: 10 days 9:11 hours
HyperV virtualization detected

CPU:total 8 (initial active 8) (4 cores per cpu, 2 threads per core) family 6 model 142 stepping 12, cmov, cx8, fxsr, mmx, sse, sse2, sse3, ssse3, sse4.1, sse4.2, popcnt, avx, avx2, aes, clmul, erms, 3dnowpref, lzcnt, ht, tsc, tscinvbit, bmi1, bmi2, adx, fma

Memory: 4k page, system-wide physical 16157M (7728M free)
TotalPageFile size 18589M (AvailPageFile size 5019M)
current process WorkingSet (physical memory assigned to process): 46M, peak: 47M
current process commit charge ("private bytes"): 342M, peak: 344M

vm_info: OpenJDK 64-Bit Server VM (14.0.2+12-46) for windows-amd64 JRE (14.0.2+12-46), built on Jul  9 2020 00:31:16 by "mach5one" with MS VC++ 15.9 (VS2017)

END.
